app/build/intermediates/manifest_merge_blame_file/debug/manifest-merger-blame-debug-report.txt
1<?xml version="1.0" encoding="utf-8"?>
2<manifest xmlns:android="http://schemas.android.com/apk/res/android"
3    package="com.fluidsimulator"
4    android:versionCode="1"
5    android:versionName="1.0" >
6
7    <uses-sdk
8        android:minSdkVersion="14"
8-->src\main\AndroidManifest.xml
9        android:targetSdkVersion="32" />
9-->src\main\AndroidManifest.xml
10
11    <uses-permission android:name="android.permission.WAKE_LOCK" />
11-->src\main\AndroidManifest.xml:7:5-68
11-->src\main\AndroidManifest.xml:7:22-65
12
13    <application
13-->src\main\AndroidManifest.xml:9:5-25:19
14        android:appComponentFactory="androidx.core.app.CoreComponentFactory"
14-->[androidx.core:core:1.0.0] AndroidManifest.xml:22:18-86
15        android:debuggable="true"
16        android:icon="@drawable/ic_launcher"
16-->src\main\AndroidManifest.xml:10:9-45
17        android:label="@string/app_name"
17-->src\main\AndroidManifest.xml:11:9-41
18        android:testOnly="true" >
19        <activity
19-->src\main\AndroidManifest.xml:12:9-24:20
20            android:name="com.fluidsimulator.FluidSimulatorActivity"
20-->src\main\AndroidManifest.xml:13:13-51
21            android:allowClearUserData="true"
21-->src\main\AndroidManifest.xml:16:13-46
22            android:exported="true"
22-->src\main\AndroidManifest.xml:17:13-36
23            android:label="@string/app_name"
23-->src\main\AndroidManifest.xml:14:13-45
24            android:requestLegacyExternalStorage="true"
24-->src\main\AndroidManifest.xml:18:13-56
25            android:screenOrientation="landscape" >
25-->src\main\AndroidManifest.xml:15:13-50
26            <intent-filter>
26-->src\main\AndroidManifest.xml:19:13-23:29
27                <action android:name="android.intent.action.MAIN" />
27-->src\main\AndroidManifest.xml:20:17-69
27-->src\main\AndroidManifest.xml:20:25-66
28
29                <category android:name="android.intent.category.LAUNCHER" />
29-->src\main\AndroidManifest.xml:22:17-77
29-->src\main\AndroidManifest.xml:22:27-74
30            </intent-filter>
31        </activity>
32    </application>
33
34</manifest>